1                                                          The SAS System                          12:53 Wednesday, January 15, 2014

NOTE: Unable to open SASUSER.REGSTRY. WORK.REGSTRY will be opened instead.
NOTE: All registry changes will be lost at the end of the session.

WARNING: Unable to copy SASUSER registry to WORK registry. Because of this, you will not see registry customizations during this 
         session.
NOTE: Unable to open SASUSER.PROFILE. WORK.PROFILE will be opened instead.
NOTE: All profile changes will be lost at the end of the session.
NOTE: Copyright (c) 2002-2010 by SAS Institute Inc., Cary, NC, USA. 
NOTE: SAS (r) Proprietary Software 9.3 (TS1M1) 
      Licensed to US CENTERS FOR DISEASE CONTROL & PRVNTN, Site 70024534.
NOTE: This session is executing on the W32_7PRO  platform.



NOTE: Updated analytical products:

SAS/STAT 9.3_M1, SAS/ETS 9.3_M1, SAS/OR 9.3_M1

NOTE: SAS initialization used:
      real time           1.01 seconds
      cpu time            0.24 seconds
      

NOTE: AUTOEXEC processing beginning; file is C:\Program Files\SAS\SASFoundation\9.2\autoexec.sas.

NOTE: Libref LIBRARY was successfully assigned as follows: 
      Engine:        V9 
      Physical Name: \\cdc\project\NCHHSTP_HICSB_Store02\SURV_DATA\FORMATS
NOTE: Libref CENSUS was successfully assigned as follows: 
      Engine:        V9 
      Physical Name: \\cdc\project\NCHHSTP_HICSB_Store02\SURV_DATA\CENSUS
NOTE: Libname CEN refers to the same physical library as CENSUS.
NOTE: Libref CEN was successfully assigned as follows: 
      Engine:        V9 
      Physical Name: \\cdc\project\NCHHSTP_HICSB_Store02\SURV_DATA\CENSUS
NOTE: Libref HARS was successfully assigned as follows: 
      Engine:        V9 
      Physical Name: \\cdc\project\NCHHSTP_HICSB_Store02\SURV_DATA\CORE
NOTE: Libref ADJ was successfully assigned as follows: 
      Engine:        V9 
      Physical Name: \\cdc\project\NCHHSTP_HICSB_Store02\SURV_DATA\CORE\adjstmnt
NOTE: Directory for library LAB contains files of mixed engine types.
NOTE: Libref LAB was successfully assigned as follows: 
      Engine:        V9 
      Physical Name: \\cdc\project\NCHHSTP_HICSB_Store02\SURV_DATA\RAWLAB
NOTE: Libref IND was successfully assigned as follows: 
      Engine:        V9 
      Physical Name: \\cdc\project\NCHHSTP_HICSB_Store02\SURV_DATA\IS
NOTE: Library HARS2 does not exist.
NOTE: Libref NDP was successfully assigned as follows: 
      Engine:        V9 
      Physical Name: \\cdc\project\NCHHSTP_HICSB_STORE02\SURV_DATA\NDP
NOTE: Libname CASE refers to the same physical library as HARS.
2                                         The SAS System         12:53 Wednesday, January 15, 2014

NOTE: Libref CASE was successfully assigned as follows: 
      Engine:        V9 
      Physical Name: \\cdc\project\NCHHSTP_HICSB_Store02\SURV_DATA\CORE
NOTE: Libname WT refers to the same physical library as ADJ.
NOTE: Libref WT was successfully assigned as follows: 
      Engine:        V9 
      Physical Name: \\cdc\project\NCHHSTP_HICSB_Store02\SURV_DATA\CORE\adjstmnt
NOTE: Libref DOC was successfully assigned as follows: 
      Engine:        V9 
      Physical Name: \\cdc\project\NCHHSTP_HICSB_Store02\SURV_DATA\DOCUMENT
NOTE: Libname LABDOC refers to the same physical library as LAB.
NOTE: Libref LABDOC was successfully assigned as follows: 
      Engine:        V9 
      Physical Name: \\cdc\project\NCHHSTP_HICSB_Store02\SURV_DATA\RAWLAB
NOTE: Libname IS refers to the same physical library as IND.
NOTE: Libref IS was successfully assigned as follows: 
      Engine:        V9 
      Physical Name: \\cdc\project\NCHHSTP_HICSB_Store02\SURV_DATA\IS

NOTE: AUTOEXEC processing completed.

1          
2          
3          filename wbh "C:\Users\XGG8\WBH\ReadPaper\wbh.txt";
4          data _null_;
5          	file wbh;
6          	put @1 "test";
7          run;

NOTE: The file WBH is:
      Filename=C:\Users\XGG8\WBH\ReadPaper\wbh.txt,
      RECFM=V,LRECL=256,File Size (bytes)=0,
      Last Modified=15Jan2014:12:53:26,
      Create Time=15Jan2014:12:53:26

NOTE: 1 record was written to the file WBH.
      The minimum record length was 4.
      The maximum record length was 4.
NOTE: DATA statement used (Total process time):
      real time           0.00 seconds
      cpu time            0.00 seconds
      

8          	

NOTE: SAS Institute Inc., SAS Campus Drive, Cary, NC USA 27513-2414
NOTE: The SAS System used:
      real time           1.65 seconds
      cpu time            0.29 seconds
      
